{"/Users/mladensubasic/Desktop/pismo/pismo/mobile/app/(unAuthStack)/login.tsx": {"path":"/Users/mladensubasic/Desktop/pismo/pismo/mobile/app/(unAuthStack)/login.tsx","statementMap":{"0":{"start":{"line":17,"column":19},"end":{"line":20,"column":3}},"1":{"start":{"line":17,"column":89},"end":{"line":20,"column":1}},"2":{"start":{"line":21,"column":38},"end":{"line":21,"column":42}},"3":{"start":{"line":32,"column":4},"end":{"line":39,"column":6}},"4":{"start":{"line":44,"column":28},"end":{"line":44,"column":50}},"5":{"start":{"line":45,"column":38},"end":{"line":45,"column":50}},"6":{"start":{"line":46,"column":38},"end":{"line":46,"column":50}},"7":{"start":{"line":47,"column":46},"end":{"line":47,"column":58}},"8":{"start":{"line":48,"column":38},"end":{"line":48,"column":77}},"9":{"start":{"line":49,"column":44},"end":{"line":49,"column":62}},"10":{"start":{"line":50,"column":19},"end":{"line":50,"column":30}},"11":{"start":{"line":51,"column":24},"end":{"line":51,"column":40}},"12":{"start":{"line":52,"column":19},"end":{"line":52,"column":49}},"13":{"start":{"line":54,"column":29},"end":{"line":58,"column":5}},"14":{"start":{"line":55,"column":8},"end":{"line":55,"column":38}},"15":{"start":{"line":55,"column":31},"end":{"line":55,"column":38}},"16":{"start":{"line":56,"column":8},"end":{"line":56,"column":56}},"17":{"start":{"line":57,"column":8},"end":{"line":57,"column":50}},"18":{"start":{"line":60,"column":29},"end":{"line":64,"column":5}},"19":{"start":{"line":61,"column":8},"end":{"line":61,"column":63}},"20":{"start":{"line":61,"column":56},"end":{"line":61,"column":63}},"21":{"start":{"line":62,"column":8},"end":{"line":62,"column":68}},"22":{"start":{"line":63,"column":8},"end":{"line":63,"column":50}},"23":{"start":{"line":66,"column":23},"end":{"line":66,"column":38}},"24":{"start":{"line":67,"column":24},"end":{"line":67,"column":45}},"25":{"start":{"line":67,"column":30},"end":{"line":67,"column":45}},"26":{"start":{"line":68,"column":24},"end":{"line":68,"column":45}},"27":{"start":{"line":68,"column":30},"end":{"line":68,"column":45}},"28":{"start":{"line":69,"column":30},"end":{"line":69,"column":59}},"29":{"start":{"line":69,"column":36},"end":{"line":69,"column":59}},"30":{"start":{"line":70,"column":30},"end":{"line":70,"column":59}},"31":{"start":{"line":70,"column":36},"end":{"line":70,"column":59}},"32":{"start":{"line":72,"column":4},"end":{"line":133,"column":6}},"33":{"start":{"line":136,"column":15},"end":{"line":159,"column":2}}},"fnMap":{"0":{"name":"(anonymous_0)","decl":{"start":{"line":17,"column":77},"end":{"line":17,"column":78}},"loc":{"start":{"line":17,"column":89},"end":{"line":20,"column":1}},"line":17},"1":{"name":"ToggleButton","decl":{"start":{"line":31,"column":9},"end":{"line":31,"column":21}},"loc":{"start":{"line":31,"column":99},"end":{"line":40,"column":1}},"line":31},"2":{"name":"LoginScreen","decl":{"start":{"line":43,"column":24},"end":{"line":43,"column":35}},"loc":{"start":{"line":43,"column":38},"end":{"line":134,"column":1}},"line":43},"3":{"name":"(anonymous_3)","decl":{"start":{"line":54,"column":29},"end":{"line":54,"column":30}},"loc":{"start":{"line":54,"column":41},"end":{"line":58,"column":5}},"line":54},"4":{"name":"(anonymous_4)","decl":{"start":{"line":60,"column":29},"end":{"line":60,"column":30}},"loc":{"start":{"line":60,"column":41},"end":{"line":64,"column":5}},"line":60},"5":{"name":"(anonymous_5)","decl":{"start":{"line":67,"column":24},"end":{"line":67,"column":25}},"loc":{"start":{"line":67,"column":30},"end":{"line":67,"column":45}},"line":67},"6":{"name":"(anonymous_6)","decl":{"start":{"line":68,"column":24},"end":{"line":68,"column":25}},"loc":{"start":{"line":68,"column":30},"end":{"line":68,"column":45}},"line":68},"7":{"name":"(anonymous_7)","decl":{"start":{"line":69,"column":30},"end":{"line":69,"column":31}},"loc":{"start":{"line":69,"column":36},"end":{"line":69,"column":59}},"line":69},"8":{"name":"(anonymous_8)","decl":{"start":{"line":70,"column":30},"end":{"line":70,"column":31}},"loc":{"start":{"line":70,"column":36},"end":{"line":70,"column":59}},"line":70}},"branchMap":{"0":{"loc":{"start":{"line":34,"column":38},"end":{"line":34,"column":85}},"type":"binary-expr","locations":[{"start":{"line":34,"column":38},"end":{"line":34,"column":44}},{"start":{"line":34,"column":48},"end":{"line":34,"column":85}}],"line":34},"1":{"loc":{"start":{"line":37,"column":31},"end":{"line":37,"column":73}},"type":"cond-expr","locations":[{"start":{"line":37,"column":40},"end":{"line":37,"column":61}},{"start":{"line":37,"column":64},"end":{"line":37,"column":73}}],"line":37},"2":{"loc":{"start":{"line":52,"column":26},"end":{"line":52,"column":48}},"type":"binary-expr","locations":[{"start":{"line":52,"column":26},"end":{"line":52,"column":37}},{"start":{"line":52,"column":41},"end":{"line":52,"column":48}}],"line":52},"3":{"loc":{"start":{"line":55,"column":8},"end":{"line":55,"column":38}},"type":"if","locations":[{"start":{"line":55,"column":8},"end":{"line":55,"column":38}},{"start":{},"end":{}}],"line":55},"4":{"loc":{"start":{"line":61,"column":8},"end":{"line":61,"column":63}},"type":"if","locations":[{"start":{"line":61,"column":8},"end":{"line":61,"column":63}},{"start":{},"end":{}}],"line":61},"5":{"loc":{"start":{"line":61,"column":12},"end":{"line":61,"column":54}},"type":"binary-expr","locations":[{"start":{"line":61,"column":12},"end":{"line":61,"column":29}},{"start":{"line":61,"column":33},"end":{"line":61,"column":54}}],"line":61},"6":{"loc":{"start":{"line":94,"column":13},"end":{"line":131,"column":13}},"type":"cond-expr","locations":[{"start":{"line":95,"column":16},"end":{"line":109,"column":19}},{"start":{"line":111,"column":16},"end":{"line":130,"column":19}}],"line":94}},"s":{"0":1,"1":6,"2":1,"3":14,"4":7,"5":7,"6":7,"7":7,"8":7,"9":7,"10":7,"11":7,"12":7,"13":7,"14":2,"15":1,"16":1,"17":1,"18":7,"19":0,"20":0,"21":0,"22":0,"23":7,"24":7,"25":0,"26":7,"27":1,"28":7,"29":2,"30":7,"31":0,"32":7,"33":1},"f":{"0":6,"1":14,"2":7,"3":2,"4":0,"5":0,"6":1,"7":2,"8":0},"b":{"0":[14,7],"1":[7,7],"2":[7,0],"3":[1,1],"4":[0,0],"5":[0,0],"6":[6,1]},"_coverageSchema":"1a1c01bbd47fc00a2c39e90264f33305004495a9","hash":"7872bb944ec4539d7605777782bae1006e03bbe6"}
,"/Users/mladensubasic/Desktop/pismo/pismo/mobile/components/themed-dropdown.tsx": {"path":"/Users/mladensubasic/Desktop/pismo/pismo/mobile/components/themed-dropdown.tsx","statementMap":{"0":{"start":{"line":13,"column":28},"end":{"line":13,"column":43}},"1":{"start":{"line":15,"column":22},"end":{"line":15,"column":47}},"2":{"start":{"line":16,"column":28},"end":{"line":16,"column":53}},"3":{"start":{"line":17,"column":24},"end":{"line":17,"column":51}},"4":{"start":{"line":18,"column":26},"end":{"line":18,"column":51}},"5":{"start":{"line":20,"column":21},"end":{"line":23,"column":5}},"6":{"start":{"line":21,"column":25},"end":{"line":21,"column":42}},"7":{"start":{"line":22,"column":8},"end":{"line":22,"column":55}},"8":{"start":{"line":22,"column":31},"end":{"line":22,"column":55}},"9":{"start":{"line":25,"column":4},"end":{"line":38,"column":6}}},"fnMap":{"0":{"name":"ThemedDropdown","decl":{"start":{"line":12,"column":16},"end":{"line":12,"column":30}},"loc":{"start":{"line":12,"column":117},"end":{"line":39,"column":1}},"line":12},"1":{"name":"(anonymous_1)","decl":{"start":{"line":20,"column":21},"end":{"line":20,"column":22}},"loc":{"start":{"line":20,"column":59},"end":{"line":23,"column":5}},"line":20}},"branchMap":{"0":{"loc":{"start":{"line":22,"column":8},"end":{"line":22,"column":55}},"type":"if","locations":[{"start":{"line":22,"column":8},"end":{"line":22,"column":55}},{"start":{},"end":{}}],"line":22}},"s":{"0":6,"1":6,"2":6,"3":6,"4":6,"5":6,"6":0,"7":0,"8":0,"9":6},"f":{"0":6,"1":0},"b":{"0":[0,0]},"_coverageSchema":"1a1c01bbd47fc00a2c39e90264f33305004495a9","hash":"79647104d0e79d3886b40c9a1f271d0a7ad3c94a"}
,"/Users/mladensubasic/Desktop/pismo/pismo/mobile/components/themed-input.tsx": {"path":"/Users/mladensubasic/Desktop/pismo/pismo/mobile/components/themed-input.tsx","statementMap":{"0":{"start":{"line":6,"column":22},"end":{"line":6,"column":23}},"1":{"start":{"line":7,"column":21},"end":{"line":7,"column":22}},"2":{"start":{"line":8,"column":18},"end":{"line":8,"column":20}},"3":{"start":{"line":9,"column":27},"end":{"line":9,"column":29}},"4":{"start":{"line":10,"column":25},"end":{"line":10,"column":27}},"5":{"start":{"line":29,"column":38},"end":{"line":29,"column":53}},"6":{"start":{"line":31,"column":22},"end":{"line":31,"column":83}},"7":{"start":{"line":32,"column":28},"end":{"line":32,"column":53}},"8":{"start":{"line":33,"column":24},"end":{"line":33,"column":51}},"9":{"start":{"line":34,"column":31},"end":{"line":34,"column":56}},"10":{"start":{"line":35,"column":29},"end":{"line":35,"column":55}},"11":{"start":{"line":36,"column":29},"end":{"line":36,"column":54}},"12":{"start":{"line":38,"column":27},"end":{"line":46,"column":5}},"13":{"start":{"line":39,"column":8},"end":{"line":41,"column":9}},"14":{"start":{"line":40,"column":12},"end":{"line":40,"column":36}},"15":{"start":{"line":42,"column":8},"end":{"line":44,"column":9}},"16":{"start":{"line":43,"column":12},"end":{"line":43,"column":38}},"17":{"start":{"line":45,"column":8},"end":{"line":45,"column":27}},"18":{"start":{"line":48,"column":51},"end":{"line":51,"column":5}},"19":{"start":{"line":49,"column":8},"end":{"line":49,"column":27}},"20":{"start":{"line":50,"column":8},"end":{"line":50,"column":21}},"21":{"start":{"line":53,"column":49},"end":{"line":56,"column":5}},"22":{"start":{"line":54,"column":8},"end":{"line":54,"column":28}},"23":{"start":{"line":55,"column":8},"end":{"line":55,"column":20}},"24":{"start":{"line":58,"column":4},"end":{"line":76,"column":6}},"25":{"start":{"line":79,"column":15},"end":{"line":87,"column":2}}},"fnMap":{"0":{"name":"ThemedInput","decl":{"start":{"line":19,"column":16},"end":{"line":19,"column":27}},"loc":{"start":{"line":28,"column":21},"end":{"line":77,"column":1}},"line":28},"1":{"name":"(anonymous_1)","decl":{"start":{"line":38,"column":27},"end":{"line":38,"column":28}},"loc":{"start":{"line":38,"column":33},"end":{"line":46,"column":5}},"line":38},"2":{"name":"(anonymous_2)","decl":{"start":{"line":48,"column":51},"end":{"line":48,"column":52}},"loc":{"start":{"line":48,"column":58},"end":{"line":51,"column":5}},"line":48},"3":{"name":"(anonymous_3)","decl":{"start":{"line":53,"column":49},"end":{"line":53,"column":50}},"loc":{"start":{"line":53,"column":56},"end":{"line":56,"column":5}},"line":53}},"branchMap":{"0":{"loc":{"start":{"line":23,"column":4},"end":{"line":23,"column":20}},"type":"default-arg","locations":[{"start":{"line":23,"column":15},"end":{"line":23,"column":20}}],"line":23},"1":{"loc":{"start":{"line":39,"column":8},"end":{"line":41,"column":9}},"type":"if","locations":[{"start":{"line":39,"column":8},"end":{"line":41,"column":9}},{"start":{},"end":{}}],"line":39},"2":{"loc":{"start":{"line":42,"column":8},"end":{"line":44,"column":9}},"type":"if","locations":[{"start":{"line":42,"column":8},"end":{"line":44,"column":9}},{"start":{},"end":{}}],"line":42},"3":{"loc":{"start":{"line":67,"column":16},"end":{"line":67,"column":76}},"type":"binary-expr","locations":[{"start":{"line":67,"column":16},"end":{"line":67,"column":36}},{"start":{"line":67,"column":40},"end":{"line":67,"column":76}}],"line":67}},"s":{"0":1,"1":1,"2":1,"3":1,"4":1,"5":8,"6":8,"7":8,"8":8,"9":8,"10":8,"11":8,"12":8,"13":8,"14":0,"15":8,"16":0,"17":8,"18":8,"19":0,"20":0,"21":8,"22":0,"23":0,"24":8,"25":1},"f":{"0":8,"1":8,"2":0,"3":0},"b":{"0":[8],"1":[0,8],"2":[0,8],"3":[8,0]},"_coverageSchema":"1a1c01bbd47fc00a2c39e90264f33305004495a9","hash":"57374889bdd2bd768d7d414e5c6be06f7b9a1544"}
,"/Users/mladensubasic/Desktop/pismo/pismo/mobile/components/themed-text.tsx": {"path":"/Users/mladensubasic/Desktop/pismo/pismo/mobile/components/themed-text.tsx","statementMap":{"0":{"start":{"line":18,"column":16},"end":{"line":18,"column":77}},"1":{"start":{"line":19,"column":20},"end":{"line":19,"column":45}},"2":{"start":{"line":21,"column":2},"end":{"line":34,"column":4}},"3":{"start":{"line":37,"column":15},"end":{"line":60,"column":2}}},"fnMap":{"0":{"name":"ThemedText","decl":{"start":{"line":11,"column":16},"end":{"line":11,"column":26}},"loc":{"start":{"line":17,"column":20},"end":{"line":35,"column":1}},"line":17}},"branchMap":{"0":{"loc":{"start":{"line":15,"column":2},"end":{"line":15,"column":18}},"type":"default-arg","locations":[{"start":{"line":15,"column":9},"end":{"line":15,"column":18}}],"line":15},"1":{"loc":{"start":{"line":24,"column":17},"end":{"line":24,"column":52}},"type":"cond-expr","locations":[{"start":{"line":24,"column":35},"end":{"line":24,"column":44}},{"start":{"line":24,"column":47},"end":{"line":24,"column":52}}],"line":24},"2":{"loc":{"start":{"line":25,"column":8},"end":{"line":25,"column":55}},"type":"cond-expr","locations":[{"start":{"line":25,"column":29},"end":{"line":25,"column":43}},{"start":{"line":25,"column":46},"end":{"line":25,"column":55}}],"line":25},"3":{"loc":{"start":{"line":26,"column":8},"end":{"line":26,"column":51}},"type":"cond-expr","locations":[{"start":{"line":26,"column":27},"end":{"line":26,"column":39}},{"start":{"line":26,"column":42},"end":{"line":26,"column":51}}],"line":26},"4":{"loc":{"start":{"line":27,"column":8},"end":{"line":27,"column":71}},"type":"cond-expr","locations":[{"start":{"line":27,"column":37},"end":{"line":27,"column":59}},{"start":{"line":27,"column":62},"end":{"line":27,"column":71}}],"line":27},"5":{"loc":{"start":{"line":28,"column":8},"end":{"line":28,"column":57}},"type":"cond-expr","locations":[{"start":{"line":28,"column":30},"end":{"line":28,"column":45}},{"start":{"line":28,"column":48},"end":{"line":28,"column":57}}],"line":28},"6":{"loc":{"start":{"line":29,"column":8},"end":{"line":29,"column":49}},"type":"cond-expr","locations":[{"start":{"line":29,"column":26},"end":{"line":29,"column":37}},{"start":{"line":29,"column":40},"end":{"line":29,"column":49}}],"line":29}},"s":{"0":35,"1":35,"2":35,"3":1},"f":{"0":35},"b":{"0":[21],"1":[0,35],"2":[28,7],"3":[7,28],"4":[0,35],"5":[0,35],"6":[0,35]},"_coverageSchema":"1a1c01bbd47fc00a2c39e90264f33305004495a9","hash":"fe63c462e3f7045f84a1c9df9960d51f9f978e19"}
,"/Users/mladensubasic/Desktop/pismo/pismo/mobile/components/themed-view.tsx": {"path":"/Users/mladensubasic/Desktop/pismo/pismo/mobile/components/themed-view.tsx","statementMap":{"0":{"start":{"line":11,"column":26},"end":{"line":11,"column":93}},"1":{"start":{"line":13,"column":2},"end":{"line":13,"column":71}}},"fnMap":{"0":{"name":"ThemedView","decl":{"start":{"line":10,"column":16},"end":{"line":10,"column":26}},"loc":{"start":{"line":10,"column":93},"end":{"line":14,"column":1}},"line":10}},"branchMap":{},"s":{"0":14,"1":14},"f":{"0":14},"b":{},"_coverageSchema":"1a1c01bbd47fc00a2c39e90264f33305004495a9","hash":"9349b49b78d33b6ff270f38a08a28ab1b56c2e31"}
,"/Users/mladensubasic/Desktop/pismo/pismo/mobile/constants/theme.ts": {"path":"/Users/mladensubasic/Desktop/pismo/pismo/mobile/constants/theme.ts","statementMap":{"0":{"start":{"line":3,"column":20},"end":{"line":3,"column":29}},"1":{"start":{"line":4,"column":19},"end":{"line":4,"column":28}},"2":{"start":{"line":6,"column":22},"end":{"line":37,"column":1}},"3":{"start":{"line":39,"column":21},"end":{"line":56,"column":2}}},"fnMap":{},"branchMap":{},"s":{"0":1,"1":1,"2":1,"3":1},"f":{},"b":{},"_coverageSchema":"1a1c01bbd47fc00a2c39e90264f33305004495a9","hash":"b93f509283f1af88b1b718159329a9cecea5c633"}
,"/Users/mladensubasic/Desktop/pismo/pismo/mobile/hooks/use-color-scheme.ts": {"path":"/Users/mladensubasic/Desktop/pismo/pismo/mobile/hooks/use-color-scheme.ts","statementMap":{},"fnMap":{},"branchMap":{},"s":{},"f":{},"b":{},"_coverageSchema":"1a1c01bbd47fc00a2c39e90264f33305004495a9","hash":"beff0fbab2d867602cb0421ab9feca5cb2d7e96b"}
,"/Users/mladensubasic/Desktop/pismo/pismo/mobile/hooks/use-theme-color.ts": {"path":"/Users/mladensubasic/Desktop/pismo/pismo/mobile/hooks/use-theme-color.ts","statementMap":{"0":{"start":{"line":8,"column":16},"end":{"line":8,"column":43}},"1":{"start":{"line":9,"column":25},"end":{"line":9,"column":37}},"2":{"start":{"line":11,"column":2},"end":{"line":15,"column":3}},"3":{"start":{"line":12,"column":4},"end":{"line":12,"column":26}},"4":{"start":{"line":14,"column":4},"end":{"line":14,"column":36}}},"fnMap":{"0":{"name":"useThemeColor","decl":{"start":{"line":4,"column":16},"end":{"line":4,"column":29}},"loc":{"start":{"line":7,"column":2},"end":{"line":16,"column":1}},"line":7}},"branchMap":{"0":{"loc":{"start":{"line":8,"column":16},"end":{"line":8,"column":43}},"type":"binary-expr","locations":[{"start":{"line":8,"column":16},"end":{"line":8,"column":32}},{"start":{"line":8,"column":36},"end":{"line":8,"column":43}}],"line":8},"1":{"loc":{"start":{"line":11,"column":2},"end":{"line":15,"column":3}},"type":"if","locations":[{"start":{"line":11,"column":2},"end":{"line":15,"column":3}},{"start":{"line":13,"column":9},"end":{"line":15,"column":3}}],"line":11}},"s":{"0":156,"1":156,"2":156,"3":0,"4":156},"f":{"0":156},"b":{"0":[156,0],"1":[0,156]},"_coverageSchema":"1a1c01bbd47fc00a2c39e90264f33305004495a9","hash":"ba994bf309b5c7089f955e388868c043d1cdf8c6"}
,"/Users/mladensubasic/Desktop/pismo/pismo/mobile/store/userData.ts": {"path":"/Users/mladensubasic/Desktop/pismo/pismo/mobile/store/userData.ts","statementMap":{"0":{"start":{"line":11,"column":17},"end":{"line":11,"column":28}},"1":{"start":{"line":29,"column":32},"end":{"line":111,"column":1}},"2":{"start":{"line":32,"column":23},"end":{"line":99,"column":9}},"3":{"start":{"line":38,"column":27},"end":{"line":38,"column":46}},"4":{"start":{"line":39,"column":31},"end":{"line":39,"column":45}},"5":{"start":{"line":40,"column":27},"end":{"line":40,"column":37}},"6":{"start":{"line":42,"column":32},"end":{"line":42,"column":60}},"7":{"start":{"line":43,"column":47},"end":{"line":43,"column":51}},"8":{"start":{"line":44,"column":16},"end":{"line":48,"column":17}},"9":{"start":{"line":45,"column":20},"end":{"line":45,"column":68}},"10":{"start":{"line":49,"column":16},"end":{"line":49,"column":65}},"11":{"start":{"line":50,"column":16},"end":{"line":50,"column":76}},"12":{"start":{"line":51,"column":16},"end":{"line":57,"column":17}},"13":{"start":{"line":52,"column":20},"end":{"line":52,"column":109}},"14":{"start":{"line":54,"column":20},"end":{"line":54,"column":63}},"15":{"start":{"line":55,"column":20},"end":{"line":55,"column":95}},"16":{"start":{"line":56,"column":20},"end":{"line":56,"column":31}},"17":{"start":{"line":60,"column":16},"end":{"line":60,"column":62}},"18":{"start":{"line":61,"column":16},"end":{"line":61,"column":39}},"19":{"start":{"line":62,"column":16},"end":{"line":70,"column":17}},"20":{"start":{"line":63,"column":37},"end":{"line":63,"column":66}},"21":{"start":{"line":64,"column":20},"end":{"line":64,"column":72}},"22":{"start":{"line":65,"column":20},"end":{"line":65,"column":47}},"23":{"start":{"line":67,"column":20},"end":{"line":67,"column":63}},"24":{"start":{"line":68,"column":20},"end":{"line":68,"column":78}},"25":{"start":{"line":69,"column":20},"end":{"line":69,"column":31}},"26":{"start":{"line":73,"column":16},"end":{"line":73,"column":39}},"27":{"start":{"line":73,"column":33},"end":{"line":73,"column":39}},"28":{"start":{"line":74,"column":50},"end":{"line":74,"column":54}},"29":{"start":{"line":75,"column":16},"end":{"line":79,"column":17}},"30":{"start":{"line":76,"column":20},"end":{"line":76,"column":71}},"31":{"start":{"line":80,"column":16},"end":{"line":80,"column":77}},"32":{"start":{"line":80,"column":71},"end":{"line":80,"column":77}},"33":{"start":{"line":81,"column":16},"end":{"line":81,"column":62}},"34":{"start":{"line":82,"column":16},"end":{"line":82,"column":48}},"35":{"start":{"line":85,"column":33},"end":{"line":88,"column":18}},"36":{"start":{"line":89,"column":16},"end":{"line":92,"column":18}},"37":{"start":{"line":95,"column":16},"end":{"line":95,"column":59}},"38":{"start":{"line":96,"column":16},"end":{"line":96,"column":58}},"39":{"start":{"line":97,"column":16},"end":{"line":97,"column":91}},"40":{"start":{"line":102,"column":45},"end":{"line":102,"column":57}},"41":{"start":{"line":103,"column":36},"end":{"line":103,"column":132}},"42":{"start":{"line":104,"column":38},"end":{"line":108,"column":13}},"43":{"start":{"line":105,"column":16},"end":{"line":107,"column":18}},"44":{"start":{"line":106,"column":20},"end":{"line":106,"column":87}}},"fnMap":{"0":{"name":"(anonymous_0)","decl":{"start":{"line":32,"column":8},"end":{"line":32,"column":9}},"loc":{"start":{"line":32,"column":23},"end":{"line":99,"column":9}},"line":32},"1":{"name":"(anonymous_1)","decl":{"start":{"line":38,"column":21},"end":{"line":38,"column":22}},"loc":{"start":{"line":38,"column":27},"end":{"line":38,"column":46}},"line":38},"2":{"name":"(anonymous_2)","decl":{"start":{"line":39,"column":25},"end":{"line":39,"column":26}},"loc":{"start":{"line":39,"column":31},"end":{"line":39,"column":45}},"line":39},"3":{"name":"(anonymous_3)","decl":{"start":{"line":40,"column":21},"end":{"line":40,"column":22}},"loc":{"start":{"line":40,"column":27},"end":{"line":40,"column":37}},"line":40},"4":{"name":"(anonymous_4)","decl":{"start":{"line":41,"column":26},"end":{"line":41,"column":27}},"loc":{"start":{"line":41,"column":63},"end":{"line":58,"column":13}},"line":41},"5":{"name":"(anonymous_5)","decl":{"start":{"line":59,"column":27},"end":{"line":59,"column":28}},"loc":{"start":{"line":59,"column":53},"end":{"line":71,"column":13}},"line":59},"6":{"name":"(anonymous_6)","decl":{"start":{"line":72,"column":27},"end":{"line":72,"column":28}},"loc":{"start":{"line":72,"column":39},"end":{"line":83,"column":13}},"line":72},"7":{"name":"(anonymous_7)","decl":{"start":{"line":84,"column":28},"end":{"line":84,"column":29}},"loc":{"start":{"line":84,"column":65},"end":{"line":93,"column":13}},"line":84},"8":{"name":"(anonymous_8)","decl":{"start":{"line":94,"column":22},"end":{"line":94,"column":23}},"loc":{"start":{"line":94,"column":34},"end":{"line":98,"column":13}},"line":94},"9":{"name":"(anonymous_9)","decl":{"start":{"line":102,"column":39},"end":{"line":102,"column":40}},"loc":{"start":{"line":102,"column":45},"end":{"line":102,"column":57}},"line":102},"10":{"name":"(anonymous_10)","decl":{"start":{"line":103,"column":24},"end":{"line":103,"column":25}},"loc":{"start":{"line":103,"column":36},"end":{"line":103,"column":132}},"line":103},"11":{"name":"(anonymous_11)","decl":{"start":{"line":104,"column":32},"end":{"line":104,"column":33}},"loc":{"start":{"line":104,"column":38},"end":{"line":108,"column":13}},"line":104},"12":{"name":"(anonymous_12)","decl":{"start":{"line":104,"column":38},"end":{"line":104,"column":39}},"loc":{"start":{"line":104,"column":44},"end":{"line":108,"column":13}},"line":104},"13":{"name":"(anonymous_13)","decl":{"start":{"line":105,"column":61},"end":{"line":105,"column":62}},"loc":{"start":{"line":105,"column":73},"end":{"line":107,"column":17}},"line":105}},"branchMap":{"0":{"loc":{"start":{"line":73,"column":16},"end":{"line":73,"column":39}},"type":"if","locations":[{"start":{"line":73,"column":16},"end":{"line":73,"column":39}},{"start":{},"end":{}}],"line":73},"1":{"loc":{"start":{"line":80,"column":16},"end":{"line":80,"column":77}},"type":"if","locations":[{"start":{"line":80,"column":16},"end":{"line":80,"column":77}},{"start":{},"end":{}}],"line":80},"2":{"loc":{"start":{"line":80,"column":20},"end":{"line":80,"column":69}},"type":"binary-expr","locations":[{"start":{"line":80,"column":20},"end":{"line":80,"column":33}},{"start":{"line":80,"column":37},"end":{"line":80,"column":69}}],"line":80},"3":{"loc":{"start":{"line":106,"column":54},"end":{"line":106,"column":68}},"type":"binary-expr","locations":[{"start":{"line":106,"column":54},"end":{"line":106,"column":60}},{"start":{"line":106,"column":64},"end":{"line":106,"column":68}}],"line":106}},"s":{"0":1,"1":1,"2":1,"3":0,"4":0,"5":0,"6":1,"7":1,"8":1,"9":1,"10":1,"11":1,"12":1,"13":1,"14":0,"15":0,"16":0,"17":0,"18":0,"19":0,"20":0,"21":0,"22":0,"23":0,"24":0,"25":0,"26":0,"27":0,"28":0,"29":0,"30":0,"31":0,"32":0,"33":0,"34":0,"35":0,"36":0,"37":0,"38":0,"39":0,"40":1,"41":6,"42":1,"43":1,"44":1},"f":{"0":1,"1":0,"2":0,"3":0,"4":1,"5":0,"6":0,"7":0,"8":0,"9":1,"10":6,"11":1,"12":1,"13":1},"b":{"0":[0,0],"1":[0,0],"2":[0,0],"3":[1,1]},"_coverageSchema":"1a1c01bbd47fc00a2c39e90264f33305004495a9","hash":"a94d0dde78216a7cdc78ce8cb83c33b8c3b82a5c"}
,"/Users/mladensubasic/Desktop/pismo/pismo/mobile/utils/backendCall.ts": {"path":"/Users/mladensubasic/Desktop/pismo/pismo/mobile/utils/backendCall.ts","statementMap":{"0":{"start":{"line":6,"column":26},"end":{"line":6,"column":57}},"1":{"start":{"line":14,"column":20},"end":{"line":14,"column":21}},"2":{"start":{"line":17,"column":4},"end":{"line":27,"column":5}},"3":{"start":{"line":19,"column":25},"end":{"line":19,"column":44}},"4":{"start":{"line":20,"column":8},"end":{"line":20,"column":29}},"5":{"start":{"line":22,"column":8},"end":{"line":25,"column":9}},"6":{"start":{"line":23,"column":12},"end":{"line":23,"column":88}},"7":{"start":{"line":24,"column":12},"end":{"line":24,"column":55}},"8":{"start":{"line":26,"column":8},"end":{"line":26,"column":20}},"9":{"start":{"line":31,"column":4},"end":{"line":31,"column":65}},"10":{"start":{"line":32,"column":34},"end":{"line":32,"column":61}},"11":{"start":{"line":33,"column":17},"end":{"line":33,"column":26}},"12":{"start":{"line":35,"column":4},"end":{"line":38,"column":5}},"13":{"start":{"line":36,"column":8},"end":{"line":36,"column":40}},"14":{"start":{"line":37,"column":8},"end":{"line":37,"column":43}},"15":{"start":{"line":40,"column":39},"end":{"line":47,"column":5}},"16":{"start":{"line":49,"column":4},"end":{"line":51,"column":5}},"17":{"start":{"line":50,"column":8},"end":{"line":50,"column":27}},"18":{"start":{"line":53,"column":4},"end":{"line":58,"column":5}},"19":{"start":{"line":54,"column":8},"end":{"line":54,"column":47}},"20":{"start":{"line":56,"column":8},"end":{"line":56,"column":25}},"21":{"start":{"line":57,"column":8},"end":{"line":57,"column":20}}},"fnMap":{"0":{"name":"attemptRequest","decl":{"start":{"line":16,"column":15},"end":{"line":16,"column":29}},"loc":{"start":{"line":16,"column":93},"end":{"line":28,"column":1}},"line":16},"1":{"name":"backendCall","decl":{"start":{"line":30,"column":22},"end":{"line":30,"column":33}},"loc":{"start":{"line":30,"column":92},"end":{"line":59,"column":1}},"line":30}},"branchMap":{"0":{"loc":{"start":{"line":22,"column":8},"end":{"line":25,"column":9}},"type":"if","locations":[{"start":{"line":22,"column":8},"end":{"line":25,"column":9}},{"start":{},"end":{}}],"line":22},"1":{"loc":{"start":{"line":30,"column":58},"end":{"line":30,"column":69}},"type":"default-arg","locations":[{"start":{"line":30,"column":65},"end":{"line":30,"column":69}}],"line":30},"2":{"loc":{"start":{"line":35,"column":4},"end":{"line":38,"column":5}},"type":"if","locations":[{"start":{"line":35,"column":4},"end":{"line":38,"column":5}},{"start":{},"end":{}}],"line":35},"3":{"loc":{"start":{"line":49,"column":4},"end":{"line":51,"column":5}},"type":"if","locations":[{"start":{"line":49,"column":4},"end":{"line":51,"column":5}},{"start":{},"end":{}}],"line":49}},"s":{"0":1,"1":1,"2":0,"3":0,"4":0,"5":0,"6":0,"7":0,"8":0,"9":0,"10":0,"11":0,"12":0,"13":0,"14":0,"15":0,"16":0,"17":0,"18":0,"19":0,"20":0,"21":0},"f":{"0":0,"1":0},"b":{"0":[0,0],"1":[0],"2":[0,0],"3":[0,0]},"_coverageSchema":"1a1c01bbd47fc00a2c39e90264f33305004495a9","hash":"494fdc0948ef9a81cd99fa6411784d367d69242c"}
,"/Users/mladensubasic/Desktop/pismo/pismo/mobile/utils/loginUser.ts": {"path":"/Users/mladensubasic/Desktop/pismo/pismo/mobile/utils/loginUser.ts","statementMap":{"0":{"start":{"line":17,"column":25},"end":{"line":25,"column":1}},"1":{"start":{"line":18,"column":17},"end":{"line":22,"column":6}},"2":{"start":{"line":24,"column":4},"end":{"line":24,"column":32}}},"fnMap":{"0":{"name":"(anonymous_0)","decl":{"start":{"line":17,"column":25},"end":{"line":17,"column":26}},"loc":{"start":{"line":17,"column":89},"end":{"line":25,"column":1}},"line":17}},"branchMap":{},"s":{"0":1,"1":0,"2":0},"f":{"0":0},"b":{},"_coverageSchema":"1a1c01bbd47fc00a2c39e90264f33305004495a9","hash":"1394a243b5486cef429c7ae6dc8d027a3d696e50"}
,"/Users/mladensubasic/Desktop/pismo/pismo/mobile/utils/notifications.ts": {"path":"/Users/mladensubasic/Desktop/pismo/pismo/mobile/utils/notifications.ts","statementMap":{"0":{"start":{"line":5,"column":29},"end":{"line":5,"column":32}},"1":{"start":{"line":8,"column":4},"end":{"line":14,"column":5}},"2":{"start":{"line":9,"column":8},"end":{"line":13,"column":11}},"3":{"start":{"line":16,"column":39},"end":{"line":16,"column":80}},"4":{"start":{"line":17,"column":22},"end":{"line":17,"column":36}},"5":{"start":{"line":19,"column":4},"end":{"line":22,"column":5}},"6":{"start":{"line":20,"column":27},"end":{"line":20,"column":72}},"7":{"start":{"line":21,"column":8},"end":{"line":21,"column":29}},"8":{"start":{"line":24,"column":4},"end":{"line":26,"column":5}},"9":{"start":{"line":25,"column":8},"end":{"line":25,"column":20}},"10":{"start":{"line":28,"column":4},"end":{"line":30,"column":5}},"11":{"start":{"line":29,"column":8},"end":{"line":29,"column":20}},"12":{"start":{"line":32,"column":22},"end":{"line":32,"column":65}},"13":{"start":{"line":33,"column":4},"end":{"line":36,"column":5}},"14":{"start":{"line":34,"column":8},"end":{"line":34,"column":72}},"15":{"start":{"line":35,"column":8},"end":{"line":35,"column":20}},"16":{"start":{"line":38,"column":22},"end":{"line":38,"column":78}},"17":{"start":{"line":39,"column":4},"end":{"line":39,"column":26}}},"fnMap":{"0":{"name":"registerForPushNotifications","decl":{"start":{"line":7,"column":22},"end":{"line":7,"column":50}},"loc":{"start":{"line":7,"column":77},"end":{"line":40,"column":1}},"line":7}},"branchMap":{"0":{"loc":{"start":{"line":8,"column":4},"end":{"line":14,"column":5}},"type":"if","locations":[{"start":{"line":8,"column":4},"end":{"line":14,"column":5}},{"start":{},"end":{}}],"line":8},"1":{"loc":{"start":{"line":19,"column":4},"end":{"line":22,"column":5}},"type":"if","locations":[{"start":{"line":19,"column":4},"end":{"line":22,"column":5}},{"start":{},"end":{}}],"line":19},"2":{"loc":{"start":{"line":24,"column":4},"end":{"line":26,"column":5}},"type":"if","locations":[{"start":{"line":24,"column":4},"end":{"line":26,"column":5}},{"start":{},"end":{}}],"line":24},"3":{"loc":{"start":{"line":28,"column":4},"end":{"line":30,"column":5}},"type":"if","locations":[{"start":{"line":28,"column":4},"end":{"line":30,"column":5}},{"start":{},"end":{}}],"line":28},"4":{"loc":{"start":{"line":33,"column":4},"end":{"line":36,"column":5}},"type":"if","locations":[{"start":{"line":33,"column":4},"end":{"line":36,"column":5}},{"start":{},"end":{}}],"line":33}},"s":{"0":1,"1":1,"2":0,"3":1,"4":1,"5":1,"6":1,"7":1,"8":1,"9":1,"10":0,"11":0,"12":0,"13":0,"14":0,"15":0,"16":0,"17":0},"f":{"0":1},"b":{"0":[0,1],"1":[1,0],"2":[1,0],"3":[0,0],"4":[0,0]},"_coverageSchema":"1a1c01bbd47fc00a2c39e90264f33305004495a9","hash":"a9bec66c87c5112e575784590df9a894d3998d80"}
}
