TN:
SF:app/(unAuthStack)/login.tsx
FN:17,(anonymous_0)
FN:31,ToggleButton
FN:43,LoginScreen
FN:54,(anonymous_3)
FN:60,(anonymous_4)
FN:67,(anonymous_5)
FN:68,(anonymous_6)
FN:69,(anonymous_7)
FN:70,(anonymous_8)
FNF:9
FNH:6
FNDA:6,(anonymous_0)
FNDA:14,ToggleButton
FNDA:7,LoginScreen
FNDA:2,(anonymous_3)
FNDA:0,(anonymous_4)
FNDA:0,(anonymous_5)
FNDA:1,(anonymous_6)
FNDA:2,(anonymous_7)
FNDA:0,(anonymous_8)
DA:17,6
DA:21,1
DA:32,14
DA:44,7
DA:45,7
DA:46,7
DA:47,7
DA:48,7
DA:49,7
DA:50,7
DA:51,7
DA:52,7
DA:54,7
DA:55,2
DA:56,1
DA:57,1
DA:60,7
DA:61,0
DA:62,0
DA:63,0
DA:66,7
DA:67,7
DA:68,7
DA:69,7
DA:70,7
DA:72,7
DA:136,1
LF:27
LH:24
BRDA:34,0,0,14
BRDA:34,0,1,7
BRDA:37,1,0,7
BRDA:37,1,1,7
BRDA:52,2,0,7
BRDA:52,2,1,0
BRDA:55,3,0,1
BRDA:55,3,1,1
BRDA:61,4,0,0
BRDA:61,4,1,0
BRDA:61,5,0,0
BRDA:61,5,1,0
BRDA:94,6,0,6
BRDA:94,6,1,1
BRF:14
BRH:9
end_of_record
TN:
SF:components/themed-dropdown.tsx
FN:12,ThemedDropdown
FN:20,(anonymous_1)
FNF:2
FNH:1
FNDA:6,ThemedDropdown
FNDA:0,(anonymous_1)
DA:13,6
DA:15,6
DA:16,6
DA:17,6
DA:18,6
DA:20,6
DA:21,0
DA:22,0
DA:25,6
LF:9
LH:7
BRDA:22,0,0,0
BRDA:22,0,1,0
BRF:2
BRH:0
end_of_record
TN:
SF:components/themed-input.tsx
FN:19,ThemedInput
FN:38,(anonymous_1)
FN:48,(anonymous_2)
FN:53,(anonymous_3)
FNF:4
FNH:2
FNDA:8,ThemedInput
FNDA:8,(anonymous_1)
FNDA:0,(anonymous_2)
FNDA:0,(anonymous_3)
DA:6,1
DA:7,1
DA:8,1
DA:9,1
DA:10,1
DA:29,8
DA:31,8
DA:32,8
DA:33,8
DA:34,8
DA:35,8
DA:36,8
DA:38,8
DA:39,8
DA:40,0
DA:42,8
DA:43,0
DA:45,8
DA:48,8
DA:49,0
DA:50,0
DA:53,8
DA:54,0
DA:55,0
DA:58,8
DA:79,1
LF:26
LH:20
BRDA:23,0,0,8
BRDA:39,1,0,0
BRDA:39,1,1,8
BRDA:42,2,0,0
BRDA:42,2,1,8
BRDA:67,3,0,8
BRDA:67,3,1,0
BRF:7
BRH:4
end_of_record
TN:
SF:components/themed-text.tsx
FN:11,ThemedText
FNF:1
FNH:1
FNDA:35,ThemedText
DA:18,35
DA:19,35
DA:21,35
DA:37,1
LF:4
LH:4
BRDA:15,0,0,21
BRDA:24,1,0,0
BRDA:24,1,1,35
BRDA:25,2,0,28
BRDA:25,2,1,7
BRDA:26,3,0,7
BRDA:26,3,1,28
BRDA:27,4,0,0
BRDA:27,4,1,35
BRDA:28,5,0,0
BRDA:28,5,1,35
BRDA:29,6,0,0
BRDA:29,6,1,35
BRF:13
BRH:9
end_of_record
TN:
SF:components/themed-view.tsx
FN:10,ThemedView
FNF:1
FNH:1
FNDA:14,ThemedView
DA:11,14
DA:13,14
LF:2
LH:2
BRF:0
BRH:0
end_of_record
TN:
SF:constants/theme.ts
FNF:0
FNH:0
DA:3,1
DA:4,1
DA:6,1
DA:39,1
LF:4
LH:4
BRF:0
BRH:0
end_of_record
TN:
SF:hooks/use-color-scheme.ts
FNF:0
FNH:0
LF:0
LH:0
BRF:0
BRH:0
end_of_record
TN:
SF:hooks/use-theme-color.ts
FN:4,useThemeColor
FNF:1
FNH:1
FNDA:156,useThemeColor
DA:8,156
DA:9,156
DA:11,156
DA:12,0
DA:14,156
LF:5
LH:4
BRDA:8,0,0,156
BRDA:8,0,1,0
BRDA:11,1,0,0
BRDA:11,1,1,156
BRF:4
BRH:2
end_of_record
TN:
SF:store/userData.ts
FN:32,(anonymous_0)
FN:38,(anonymous_1)
FN:39,(anonymous_2)
FN:40,(anonymous_3)
FN:41,(anonymous_4)
FN:59,(anonymous_5)
FN:72,(anonymous_6)
FN:84,(anonymous_7)
FN:94,(anonymous_8)
FN:102,(anonymous_9)
FN:103,(anonymous_10)
FN:104,(anonymous_11)
FN:104,(anonymous_12)
FN:105,(anonymous_13)
FNF:14
FNH:7
FNDA:1,(anonymous_0)
FNDA:0,(anonymous_1)
FNDA:0,(anonymous_2)
FNDA:0,(anonymous_3)
FNDA:1,(anonymous_4)
FNDA:0,(anonymous_5)
FNDA:0,(anonymous_6)
FNDA:0,(anonymous_7)
FNDA:0,(anonymous_8)
FNDA:1,(anonymous_9)
FNDA:6,(anonymous_10)
FNDA:1,(anonymous_11)
FNDA:1,(anonymous_12)
FNDA:1,(anonymous_13)
DA:11,1
DA:29,1
DA:32,1
DA:38,0
DA:39,0
DA:40,0
DA:42,1
DA:43,1
DA:44,1
DA:45,1
DA:49,1
DA:50,1
DA:51,1
DA:52,1
DA:54,0
DA:55,0
DA:56,0
DA:60,0
DA:61,0
DA:62,0
DA:63,0
DA:64,0
DA:65,0
DA:67,0
DA:68,0
DA:69,0
DA:73,0
DA:74,0
DA:75,0
DA:76,0
DA:80,0
DA:81,0
DA:82,0
DA:85,0
DA:89,0
DA:95,0
DA:96,0
DA:97,0
DA:102,1
DA:103,6
DA:104,1
DA:105,1
DA:106,1
LF:43
LH:16
BRDA:73,0,0,0
BRDA:73,0,1,0
BRDA:80,1,0,0
BRDA:80,1,1,0
BRDA:80,2,0,0
BRDA:80,2,1,0
BRDA:106,3,0,1
BRDA:106,3,1,1
BRF:8
BRH:2
end_of_record
TN:
SF:utils/backendCall.ts
FN:16,attemptRequest
FN:30,backendCall
FNF:2
FNH:0
FNDA:0,attemptRequest
FNDA:0,backendCall
DA:6,1
DA:14,1
DA:17,0
DA:19,0
DA:20,0
DA:22,0
DA:23,0
DA:24,0
DA:26,0
DA:31,0
DA:32,0
DA:33,0
DA:35,0
DA:36,0
DA:37,0
DA:40,0
DA:49,0
DA:50,0
DA:53,0
DA:54,0
DA:56,0
DA:57,0
LF:22
LH:2
BRDA:22,0,0,0
BRDA:22,0,1,0
BRDA:30,1,0,0
BRDA:35,2,0,0
BRDA:35,2,1,0
BRDA:49,3,0,0
BRDA:49,3,1,0
BRF:7
BRH:0
end_of_record
TN:
SF:utils/loginUser.ts
FN:17,(anonymous_0)
FNF:1
FNH:0
FNDA:0,(anonymous_0)
DA:17,1
DA:18,0
DA:24,0
LF:3
LH:1
BRF:0
BRH:0
end_of_record
TN:
SF:utils/notifications.ts
FN:7,registerForPushNotifications
FNF:1
FNH:1
FNDA:1,registerForPushNotifications
DA:5,1
DA:8,1
DA:9,0
DA:16,1
DA:17,1
DA:19,1
DA:20,1
DA:21,1
DA:24,1
DA:25,1
DA:28,0
DA:29,0
DA:32,0
DA:33,0
DA:34,0
DA:35,0
DA:38,0
DA:39,0
LF:18
LH:9
BRDA:8,0,0,0
BRDA:8,0,1,1
BRDA:19,1,0,1
BRDA:19,1,1,0
BRDA:24,2,0,1
BRDA:24,2,1,0
BRDA:28,3,0,0
BRDA:28,3,1,0
BRDA:33,4,0,0
BRDA:33,4,1,0
BRF:10
BRH:3
end_of_record
